
============= MEMWATCH 2.71 Copyright (C) 1992-1999 Johan Lindh =============

Started at Mon Nov  9 22:45:13 2015

Modes: __STDC__ 64-bit mwDWORD==(unsigned int)
mwROUNDALLOC==8 sizeof(mwData)==56 mwDataSize==56


Stopped at Mon Nov  9 22:45:13 2015


Memory usage statistics (global):
 N)umber of allocations made: 1
 L)argest memory usage      : 4000
 T)otal of all alloc() calls: 4000
 U)nfreed bytes totals      : 0

============= MEMWATCH 2.71 Copyright (C) 1992-1999 Johan Lindh =============

Started at Mon Nov  9 22:45:13 2015

Modes: __STDC__ 64-bit mwDWORD==(unsigned int)
mwROUNDALLOC==8 sizeof(mwData)==56 mwDataSize==56


Stopped at Mon Nov  9 22:45:13 2015


Memory usage statistics (global):
 N)umber of allocations made: 1
 L)argest memory usage      : 4000
 T)otal of all alloc() calls: 4000
 U)nfreed bytes totals      : 0

============= MEMWATCH 2.71 Copyright (C) 1992-1999 Johan Lindh =============

Started at Mon Nov  9 22:45:13 2015

Modes: __STDC__ 64-bit mwDWORD==(unsigned int)
mwROUNDALLOC==8 sizeof(mwData)==56 mwDataSize==56


Stopped at Mon Nov  9 22:45:13 2015


Memory usage statistics (global):
 N)umber of allocations made: 1
 L)argest memory usage      : 4000
 T)otal of all alloc() calls: 4000
 U)nfreed bytes totals      : 0

============= MEMWATCH 2.71 Copyright (C) 1992-1999 Johan Lindh =============

Started at Mon Nov  9 22:45:13 2015

Modes: __STDC__ 64-bit mwDWORD==(unsigned int)
mwROUNDALLOC==8 sizeof(mwData)==56 mwDataSize==56


Stopped at Mon Nov  9 22:45:13 2015


Memory usage statistics (global):
 N)umber of allocations made: 1
 L)argest memory usage      : 4000
 T)otal of all alloc() calls: 4000
 U)nfreed bytes totals      : 0

============= MEMWATCH 2.71 Copyright (C) 1992-1999 Johan Lindh =============

Started at Mon Nov  9 22:45:13 2015

Modes: __STDC__ 64-bit mwDWORD==(unsigned int)
mwROUNDALLOC==8 sizeof(mwData)==56 mwDataSize==56


Stopped at Mon Nov  9 22:45:13 2015


Memory usage statistics (global):
 N)umber of allocations made: 1
 L)argest memory usage      : 4000
 T)otal of all alloc() calls: 4000
 U)nfreed bytes totals      : 0

============= MEMWATCH 2.71 Copyright (C) 1992-1999 Johan Lindh =============

Started at Mon Nov  9 22:45:13 2015

Modes: __STDC__ 64-bit mwDWORD==(unsigned int)
mwROUNDALLOC==8 sizeof(mwData)==56 mwDataSize==56


Stopped at Mon Nov  9 22:45:13 2015


Memory usage statistics (global):
 N)umber of allocations made: 1
 L)argest memory usage      : 4000
 T)otal of all alloc() calls: 4000
 U)nfreed bytes totals      : 0

============= MEMWATCH 2.71 Copyright (C) 1992-1999 Johan Lindh =============

Started at Mon Nov  9 22:46:54 2015

Modes: __STDC__ 64-bit mwDWORD==(unsigned int)
mwROUNDALLOC==8 sizeof(mwData)==56 mwDataSize==56


Stopped at Mon Nov  9 22:46:54 2015


Memory usage statistics (global):
 N)umber of allocations made: 1
 L)argest memory usage      : 4000
 T)otal of all alloc() calls: 4000
 U)nfreed bytes totals      : 0

============= MEMWATCH 2.71 Copyright (C) 1992-1999 Johan Lindh =============

Started at Mon Nov  9 22:46:54 2015

Modes: __STDC__ 64-bit mwDWORD==(unsigned int)
mwROUNDALLOC==8 sizeof(mwData)==56 mwDataSize==56


Stopped at Mon Nov  9 22:46:54 2015


Memory usage statistics (global):
 N)umber of allocations made: 1
 L)argest memory usage      : 4000
 T)otal of all alloc() calls: 4000
 U)nfreed bytes totals      : 0

============= MEMWATCH 2.71 Copyright (C) 1992-1999 Johan Lindh =============

Started at Mon Nov  9 22:46:54 2015

Modes: __STDC__ 64-bit mwDWORD==(unsigned int)
mwROUNDALLOC==8 sizeof(mwData)==56 mwDataSize==56


Stopped at Mon Nov  9 22:46:54 2015


Memory usage statistics (global):
 N)umber of allocations made: 1
 L)argest memory usage      : 4000
 T)otal of all alloc() calls: 4000
 U)nfreed bytes totals      : 0

============= MEMWATCH 2.71 Copyright (C) 1992-1999 Johan Lindh =============

Started at Mon Nov  9 22:46:54 2015

Modes: __STDC__ 64-bit mwDWORD==(unsigned int)
mwROUNDALLOC==8 sizeof(mwData)==56 mwDataSize==56


Stopped at Mon Nov  9 22:46:54 2015


Memory usage statistics (global):
 N)umber of allocations made: 1
 L)argest memory usage      : 4000
 T)otal of all alloc() calls: 4000
 U)nfreed bytes totals      : 0

============= MEMWATCH 2.71 Copyright (C) 1992-1999 Johan Lindh =============

Started at Mon Nov  9 22:46:54 2015

Modes: __STDC__ 64-bit mwDWORD==(unsigned int)
mwROUNDALLOC==8 sizeof(mwData)==56 mwDataSize==56


Stopped at Mon Nov  9 22:46:54 2015


Memory usage statistics (global):
 N)umber of allocations made: 1
 L)argest memory usage      : 4000
 T)otal of all alloc() calls: 4000
 U)nfreed bytes totals      : 0

============= MEMWATCH 2.71 Copyright (C) 1992-1999 Johan Lindh =============

Started at Mon Nov  9 22:46:54 2015

Modes: __STDC__ 64-bit mwDWORD==(unsigned int)
mwROUNDALLOC==8 sizeof(mwData)==56 mwDataSize==56


Stopped at Mon Nov  9 22:46:54 2015


Memory usage statistics (global):
 N)umber of allocations made: 1
 L)argest memory usage      : 4000
 T)otal of all alloc() calls: 4000
 U)nfreed bytes totals      : 0
