
============= MEMWATCH 2.71 Copyright (C) 1992-1999 Johan Lindh =============

Started at Mon Nov 16 20:00:03 2015

Modes: __STDC__ 64-bit mwDWORD==(unsigned int)
mwROUNDALLOC==8 sizeof(mwData)==56 mwDataSize==56

WILD free: <1> main.c(91), unknown pointer 0x7ffe0a405040

Stopped at Mon Nov 16 20:00:03 2015


Memory usage statistics (global):
 N)umber of allocations made: 0
 L)argest memory usage      : 0
 T)otal of all alloc() calls: 0
 U)nfreed bytes totals      : 0

============= MEMWATCH 2.71 Copyright (C) 1992-1999 Johan Lindh =============

Started at Mon Nov 16 20:00:10 2015

Modes: __STDC__ 64-bit mwDWORD==(unsigned int)
mwROUNDALLOC==8 sizeof(mwData)==56 mwDataSize==56

WILD free: <1> main.c(91), unknown pointer 0x7fbc61c05470

Stopped at Mon Nov 16 20:00:10 2015


Memory usage statistics (global):
 N)umber of allocations made: 0
 L)argest memory usage      : 0
 T)otal of all alloc() calls: 0
 U)nfreed bytes totals      : 0

============= MEMWATCH 2.71 Copyright (C) 1992-1999 Johan Lindh =============

Started at Mon Nov 16 20:02:04 2015

Modes: __STDC__ 64-bit mwDWORD==(unsigned int)
mwROUNDALLOC==8 sizeof(mwData)==56 mwDataSize==56

WILD free: <1> main.c(91), unknown pointer 0x7fa9e8d05050

Stopped at Mon Nov 16 20:02:04 2015


Memory usage statistics (global):
 N)umber of allocations made: 0
 L)argest memory usage      : 0
 T)otal of all alloc() calls: 0
 U)nfreed bytes totals      : 0

============= MEMWATCH 2.71 Copyright (C) 1992-1999 Johan Lindh =============

Started at Mon Nov 16 20:02:09 2015

Modes: __STDC__ 64-bit mwDWORD==(unsigned int)
mwROUNDALLOC==8 sizeof(mwData)==56 mwDataSize==56

WILD free: <1> main.c(91), unknown pointer 0x7fdfe2c052f0

Stopped at Mon Nov 16 20:02:09 2015


Memory usage statistics (global):
 N)umber of allocations made: 0
 L)argest memory usage      : 0
 T)otal of all alloc() calls: 0
 U)nfreed bytes totals      : 0

============= MEMWATCH 2.71 Copyright (C) 1992-1999 Johan Lindh =============

Started at Mon Nov 16 20:25:38 2015

Modes: __STDC__ 64-bit mwDWORD==(unsigned int)
mwROUNDALLOC==8 sizeof(mwData)==56 mwDataSize==56

WILD free: <1> main.c(120), unknown pointer 0x7fd8a9700640

Stopped at Mon Nov 16 20:25:38 2015


Memory usage statistics (global):
 N)umber of allocations made: 0
 L)argest memory usage      : 0
 T)otal of all alloc() calls: 0
 U)nfreed bytes totals      : 0

============= MEMWATCH 2.71 Copyright (C) 1992-1999 Johan Lindh =============

Started at Mon Nov 16 20:28:57 2015

Modes: __STDC__ 64-bit mwDWORD==(unsigned int)
mwROUNDALLOC==8 sizeof(mwData)==56 mwDataSize==56

WILD free: <1> main.c(126), unknown pointer 0x7fa109e00740

Stopped at Mon Nov 16 20:28:57 2015


Memory usage statistics (global):
 N)umber of allocations made: 0
 L)argest memory usage      : 0
 T)otal of all alloc() calls: 0
 U)nfreed bytes totals      : 0

============= MEMWATCH 2.71 Copyright (C) 1992-1999 Johan Lindh =============

Started at Mon Nov 16 20:29:39 2015

Modes: __STDC__ 64-bit mwDWORD==(unsigned int)
mwROUNDALLOC==8 sizeof(mwData)==56 mwDataSize==56

WILD free: <1> main.c(126), unknown pointer 0x7f9d88500860

Stopped at Mon Nov 16 20:29:39 2015


Memory usage statistics (global):
 N)umber of allocations made: 0
 L)argest memory usage      : 0
 T)otal of all alloc() calls: 0
 U)nfreed bytes totals      : 0

============= MEMWATCH 2.71 Copyright (C) 1992-1999 Johan Lindh =============

Started at Mon Nov 16 21:06:38 2015

Modes: __STDC__ 64-bit mwDWORD==(unsigned int)
mwROUNDALLOC==8 sizeof(mwData)==56 mwDataSize==56

WILD free: <1> main.c(122), unknown pointer 0x7fcb3a405000

Stopped at Mon Nov 16 21:06:38 2015


Memory usage statistics (global):
 N)umber of allocations made: 0
 L)argest memory usage      : 0
 T)otal of all alloc() calls: 0
 U)nfreed bytes totals      : 0

============= MEMWATCH 2.71 Copyright (C) 1992-1999 Johan Lindh =============

Started at Mon Nov 16 21:06:50 2015

Modes: __STDC__ 64-bit mwDWORD==(unsigned int)
mwROUNDALLOC==8 sizeof(mwData)==56 mwDataSize==56

WILD free: <1> main.c(120), unknown pointer 0x7fb1817003b0

Stopped at Mon Nov 16 21:06:50 2015


Memory usage statistics (global):
 N)umber of allocations made: 0
 L)argest memory usage      : 0
 T)otal of all alloc() calls: 0
 U)nfreed bytes totals      : 0

============= MEMWATCH 2.71 Copyright (C) 1992-1999 Johan Lindh =============

Started at Mon Nov 16 21:08:36 2015

Modes: __STDC__ 64-bit mwDWORD==(unsigned int)
mwROUNDALLOC==8 sizeof(mwData)==56 mwDataSize==56

WILD free: <1> main.c(120), unknown pointer 0x7f843bc05360

Stopped at Mon Nov 16 21:08:36 2015


Memory usage statistics (global):
 N)umber of allocations made: 0
 L)argest memory usage      : 0
 T)otal of all alloc() calls: 0
 U)nfreed bytes totals      : 0

============= MEMWATCH 2.71 Copyright (C) 1992-1999 Johan Lindh =============

Started at Mon Nov 16 21:14:48 2015

Modes: __STDC__ 64-bit mwDWORD==(unsigned int)
mwROUNDALLOC==8 sizeof(mwData)==56 mwDataSize==56

WILD free: <1> main.c(118), unknown pointer 0x7fed7bc05000

Stopped at Mon Nov 16 21:14:48 2015


Memory usage statistics (global):
 N)umber of allocations made: 0
 L)argest memory usage      : 0
 T)otal of all alloc() calls: 0
 U)nfreed bytes totals      : 0

============= MEMWATCH 2.71 Copyright (C) 1992-1999 Johan Lindh =============

Started at Mon Nov 16 21:21:36 2015

Modes: __STDC__ 64-bit mwDWORD==(unsigned int)
mwROUNDALLOC==8 sizeof(mwData)==56 mwDataSize==56

WILD free: <1> main.c(118), unknown pointer 0x7fa6a96004d0

Stopped at Mon Nov 16 21:21:36 2015


Memory usage statistics (global):
 N)umber of allocations made: 0
 L)argest memory usage      : 0
 T)otal of all alloc() calls: 0
 U)nfreed bytes totals      : 0

============= MEMWATCH 2.71 Copyright (C) 1992-1999 Johan Lindh =============

Started at Mon Nov 16 21:22:10 2015

Modes: __STDC__ 64-bit mwDWORD==(unsigned int)
mwROUNDALLOC==8 sizeof(mwData)==56 mwDataSize==56

WILD free: <1> main.c(120), unknown pointer 0x7fee18c05000

Stopped at Mon Nov 16 21:22:10 2015


Memory usage statistics (global):
 N)umber of allocations made: 0
 L)argest memory usage      : 0
 T)otal of all alloc() calls: 0
 U)nfreed bytes totals      : 0

============= MEMWATCH 2.71 Copyright (C) 1992-1999 Johan Lindh =============

Started at Mon Nov 16 21:22:26 2015

Modes: __STDC__ 64-bit mwDWORD==(unsigned int)
mwROUNDALLOC==8 sizeof(mwData)==56 mwDataSize==56

WILD free: <1> main.c(120), unknown pointer 0x7fc4e15004d0

Stopped at Mon Nov 16 21:22:26 2015


Memory usage statistics (global):
 N)umber of allocations made: 0
 L)argest memory usage      : 0
 T)otal of all alloc() calls: 0
 U)nfreed bytes totals      : 0

============= MEMWATCH 2.71 Copyright (C) 1992-1999 Johan Lindh =============

Started at Mon Nov 16 21:22:38 2015

Modes: __STDC__ 64-bit mwDWORD==(unsigned int)
mwROUNDALLOC==8 sizeof(mwData)==56 mwDataSize==56

WILD free: <1> main.c(120), unknown pointer 0x7f97396003b0

Stopped at Mon Nov 16 21:22:38 2015


Memory usage statistics (global):
 N)umber of allocations made: 0
 L)argest memory usage      : 0
 T)otal of all alloc() calls: 0
 U)nfreed bytes totals      : 0

============= MEMWATCH 2.71 Copyright (C) 1992-1999 Johan Lindh =============

Started at Mon Nov 16 21:22:59 2015

Modes: __STDC__ 64-bit mwDWORD==(unsigned int)
mwROUNDALLOC==8 sizeof(mwData)==56 mwDataSize==56

WILD free: <1> main.c(120), unknown pointer 0x7fd278d00230

Stopped at Mon Nov 16 21:22:59 2015


Memory usage statistics (global):
 N)umber of allocations made: 0
 L)argest memory usage      : 0
 T)otal of all alloc() calls: 0
 U)nfreed bytes totals      : 0

============= MEMWATCH 2.71 Copyright (C) 1992-1999 Johan Lindh =============

Started at Mon Nov 16 21:23:47 2015

Modes: __STDC__ 64-bit mwDWORD==(unsigned int)
mwROUNDALLOC==8 sizeof(mwData)==56 mwDataSize==56

WILD free: <1> main.c(120), unknown pointer 0x7fa5a9504f90

Stopped at Mon Nov 16 21:23:47 2015


Memory usage statistics (global):
 N)umber of allocations made: 0
 L)argest memory usage      : 0
 T)otal of all alloc() calls: 0
 U)nfreed bytes totals      : 0

============= MEMWATCH 2.71 Copyright (C) 1992-1999 Johan Lindh =============

Started at Mon Nov 16 21:24:05 2015

Modes: __STDC__ 64-bit mwDWORD==(unsigned int)
mwROUNDALLOC==8 sizeof(mwData)==56 mwDataSize==56

WILD free: <1> main.c(120), unknown pointer 0x7ff0f8d00300

Stopped at Mon Nov 16 21:24:05 2015


Memory usage statistics (global):
 N)umber of allocations made: 0
 L)argest memory usage      : 0
 T)otal of all alloc() calls: 0
 U)nfreed bytes totals      : 0

============= MEMWATCH 2.71 Copyright (C) 1992-1999 Johan Lindh =============

Started at Mon Nov 16 21:25:09 2015

Modes: __STDC__ 64-bit mwDWORD==(unsigned int)
mwROUNDALLOC==8 sizeof(mwData)==56 mwDataSize==56

WILD free: <1> main.c(121), unknown pointer 0x7faada5003b0

Stopped at Mon Nov 16 21:25:09 2015


Memory usage statistics (global):
 N)umber of allocations made: 0
 L)argest memory usage      : 0
 T)otal of all alloc() calls: 0
 U)nfreed bytes totals      : 0

============= MEMWATCH 2.71 Copyright (C) 1992-1999 Johan Lindh =============

Started at Mon Nov 16 21:26:37 2015

Modes: __STDC__ 64-bit mwDWORD==(unsigned int)
mwROUNDALLOC==8 sizeof(mwData)==56 mwDataSize==56

WILD free: <1> main.c(120), unknown pointer 0x7fa353e003b0

Stopped at Mon Nov 16 21:26:37 2015


Memory usage statistics (global):
 N)umber of allocations made: 0
 L)argest memory usage      : 0
 T)otal of all alloc() calls: 0
 U)nfreed bytes totals      : 0

============= MEMWATCH 2.71 Copyright (C) 1992-1999 Johan Lindh =============

Started at Mon Nov 16 21:26:59 2015

Modes: __STDC__ 64-bit mwDWORD==(unsigned int)
mwROUNDALLOC==8 sizeof(mwData)==56 mwDataSize==56

WILD free: <1> main.c(120), unknown pointer 0x7faf78500570

Stopped at Mon Nov 16 21:26:59 2015


Memory usage statistics (global):
 N)umber of allocations made: 0
 L)argest memory usage      : 0
 T)otal of all alloc() calls: 0
 U)nfreed bytes totals      : 0

============= MEMWATCH 2.71 Copyright (C) 1992-1999 Johan Lindh =============

Started at Mon Nov 16 21:28:07 2015

Modes: __STDC__ 64-bit mwDWORD==(unsigned int)
mwROUNDALLOC==8 sizeof(mwData)==56 mwDataSize==56

WILD free: <1> main.c(120), unknown pointer 0x7fb0406003b0

Stopped at Mon Nov 16 21:28:07 2015


Memory usage statistics (global):
 N)umber of allocations made: 0
 L)argest memory usage      : 0
 T)otal of all alloc() calls: 0
 U)nfreed bytes totals      : 0

============= MEMWATCH 2.71 Copyright (C) 1992-1999 Johan Lindh =============

Started at Mon Nov 16 21:30:11 2015

Modes: __STDC__ 64-bit mwDWORD==(unsigned int)
mwROUNDALLOC==8 sizeof(mwData)==56 mwDataSize==56

WILD free: <1> main.c(120), unknown pointer 0x7fafd3c05000

Stopped at Mon Nov 16 21:30:11 2015


Memory usage statistics (global):
 N)umber of allocations made: 0
 L)argest memory usage      : 0
 T)otal of all alloc() calls: 0
 U)nfreed bytes totals      : 0

============= MEMWATCH 2.71 Copyright (C) 1992-1999 Johan Lindh =============

Started at Mon Nov 16 21:30:58 2015

Modes: __STDC__ 64-bit mwDWORD==(unsigned int)
mwROUNDALLOC==8 sizeof(mwData)==56 mwDataSize==56

WILD free: <1> main.c(120), unknown pointer 0x7f8a085003b0

Stopped at Mon Nov 16 21:30:58 2015


Memory usage statistics (global):
 N)umber of allocations made: 0
 L)argest memory usage      : 0
 T)otal of all alloc() calls: 0
 U)nfreed bytes totals      : 0

============= MEMWATCH 2.71 Copyright (C) 1992-1999 Johan Lindh =============

Started at Mon Nov 16 21:40:07 2015

Modes: __STDC__ 64-bit mwDWORD==(unsigned int)
mwROUNDALLOC==8 sizeof(mwData)==56 mwDataSize==56

NULL free: <1> main.c(95), NULL pointer free'd

Stopped at Mon Nov 16 21:40:07 2015


Memory usage statistics (global):
 N)umber of allocations made: 0
 L)argest memory usage      : 0
 T)otal of all alloc() calls: 0
 U)nfreed bytes totals      : 0
